<?xml version="1.0" encoding="UTF-8"?>
<testsuite name="BoardTest" tests="2" skipped="0" failures="0" errors="0" timestamp="2025-01-25T18:47:50" hostname="DESKTOP-BE9QQEK" time="0.003">
  <properties/>
  <testcase name="testAssignRandomFoodProbability()" classname="BoardTest" time="0.001"/>
  <testcase name="testBoardInitializationCreatesCorrectDimensions()" classname="BoardTest" time="0.001"/>
  <system-out><![CDATA[]]></system-out>
  <system-err><![CDATA[]]></system-err>
</testsuite>
