<?xml version="1.0" encoding="UTF-8"?>
<testsuite name="AnimalHandlerTest" tests="2" skipped="0" failures="0" errors="0" timestamp="2025-01-25T18:47:50" hostname="DESKTOP-BE9QQEK" time="0.036">
  <properties/>
  <testcase name="testRunTurnMovesAnimals()" classname="AnimalHandlerTest" time="0.035"/>
  <testcase name="testAnimalIsCreatedAndStoredCorrectly()" classname="AnimalHandlerTest" time="0.001"/>
  <system-out><![CDATA[]]></system-out>
  <system-err><![CDATA[]]></system-err>
</testsuite>
