<?xml version="1.0" encoding="UTF-8"?>
<testsuite name="TileTest" tests="2" skipped="0" failures="0" errors="0" timestamp="2025-01-24T17:18:07" hostname="DESKTOP-BE9QQEK" time="0.168">
  <properties/>
  <testcase name="testAddAnimalToTile()" classname="TileTest" time="0.167"/>
  <testcase name="testTileWithFoodAllowsConsumption()" classname="TileTest" time="0.0"/>
  <system-out><![CDATA[]]></system-out>
  <system-err><![CDATA[]]></system-err>
</testsuite>
